IQ-TREE multicore version 1.7-beta9 for Mac OS X 64-bit built Feb 19 2019
Developed by Bui Quang Minh, Nguyen Lam Tung, Olga Chernomor,
Heiko Schmidt, Dominik Schrempf, Michael Woodhams.

Host:    rsb0001700.uds.anu.edu.au (AVX512, FMA3, 64 GB RAM)
Command: ../otherScripts/iqtree -t example.null.test.tre -s example.null.1.nex --scf 100 --prefix concord -redo
Seed:    774594 (Using SPRNG - Scalable Parallel Random Number Generator)
Time:    Wed Apr 10 13:04:15 2019
Kernel:  AVX+FMA - 1 threads (16 CPU cores detected)

HINT: Use -nt option to specify number of threads because your CPU has 16 cores!
HINT: -nt AUTO will automatically determine the best number of threads to use.

Reading alignment file example.null.1.nex ... Phylip format detected
Alignment most likely contains DNA/RNA sequences
Alignment has 32 sequences with 200 columns, 175 distinct patterns
154 parsimony-informative, 21 singleton sites, 25 constant sites
     Gap/Ambiguity  Composition  p-value
   1  t1     0.00%    passed     97.81%
   2  t2     0.00%    passed     17.44%
   3  t3     0.00%    passed     46.93%
   4  t4     0.00%    passed     52.97%
   5  t5     0.00%    passed     54.46%
   6  t6     0.00%    passed     88.94%
   7  t7     0.00%    passed     62.42%
   8  t8     0.00%    passed     40.28%
   9  t17    0.00%    passed     32.80%
  10  t18    0.00%    passed     58.73%
  11  t19    0.00%    passed     62.74%
  12  t20    0.00%    passed     50.21%
  13  t21    0.00%    passed     96.19%
  14  t22    0.00%    passed     81.16%
  15  t23    0.00%    passed     59.28%
  16  t24    0.00%    passed     86.57%
  17  t9     0.00%    passed     68.79%
  18  t10    0.00%    passed     93.17%
  19  t11    0.00%    passed     90.11%
  20  t12    0.00%    passed     86.45%
  21  t13    0.00%    passed     70.07%
  22  t14    0.00%    passed     60.42%
  23  t15    0.00%    passed     86.48%
  24  t16    0.00%    passed     71.87%
  25  t25    0.00%    passed     50.56%
  26  t26    0.00%    passed     59.68%
  27  t27    0.00%    passed     94.79%
  28  t28    0.00%    passed     83.69%
  29  t29    0.00%    passed     86.76%
  30  t30    0.00%    passed     83.96%
  31  t31    0.00%    passed     63.09%
  32  t32    0.00%    passed     61.59%
****  TOTAL    0.00%  0 sequences failed composition chi2 test (p-value<5%; df=3)
Reading tree example.null.test.tre ...
un-rooted tree with 32 taxa and 61 branches
Computing site concordance factor...
0.006 sec
Tree with concordance factors written to concord.cf.tree
Tree with branch IDs written to concord.cf.branch
Concordance factors per branch printed to concord.cf.stat
Date and Time: Wed Apr 10 13:04:15 2019
