IQ-TREE multicore version 1.7-beta9 for Mac OS X 64-bit built Feb 19 2019
Developed by Bui Quang Minh, Nguyen Lam Tung, Olga Chernomor,
Heiko Schmidt, Dominik Schrempf, Michael Woodhams.

Host:    rsb0001700.uds.anu.edu.au (AVX512, FMA3, 64 GB RAM)
Command: ../otherScripts/iqtree -s example.null.1.nex -m HKY+G -alrt 1000
Seed:    400072 (Using SPRNG - Scalable Parallel Random Number Generator)
Time:    Thu Apr  4 17:09:38 2019
Kernel:  AVX+FMA - 1 threads (16 CPU cores detected)

HINT: Use -nt option to specify number of threads because your CPU has 16 cores!
HINT: -nt AUTO will automatically determine the best number of threads to use.

Reading alignment file example.null.1.nex ... Phylip format detected
Alignment most likely contains DNA/RNA sequences
Alignment has 32 sequences with 200 columns, 175 distinct patterns
154 parsimony-informative, 21 singleton sites, 25 constant sites
     Gap/Ambiguity  Composition  p-value
   1  t1     0.00%    passed     97.81%
   2  t2     0.00%    passed     17.44%
   3  t3     0.00%    passed     46.93%
   4  t4     0.00%    passed     52.97%
   5  t5     0.00%    passed     54.46%
   6  t6     0.00%    passed     88.94%
   7  t7     0.00%    passed     62.42%
   8  t8     0.00%    passed     40.28%
   9  t17    0.00%    passed     32.80%
  10  t18    0.00%    passed     58.73%
  11  t19    0.00%    passed     62.74%
  12  t20    0.00%    passed     50.21%
  13  t21    0.00%    passed     96.19%
  14  t22    0.00%    passed     81.16%
  15  t23    0.00%    passed     59.28%
  16  t24    0.00%    passed     86.57%
  17  t9     0.00%    passed     68.79%
  18  t10    0.00%    passed     93.17%
  19  t11    0.00%    passed     90.11%
  20  t12    0.00%    passed     86.45%
  21  t13    0.00%    passed     70.07%
  22  t14    0.00%    passed     60.42%
  23  t15    0.00%    passed     86.48%
  24  t16    0.00%    passed     71.87%
  25  t25    0.00%    passed     50.56%
  26  t26    0.00%    passed     59.68%
  27  t27    0.00%    passed     94.79%
  28  t28    0.00%    passed     83.69%
  29  t29    0.00%    passed     86.76%
  30  t30    0.00%    passed     83.96%
  31  t31    0.00%    passed     63.09%
  32  t32    0.00%    passed     61.59%
****  TOTAL    0.00%  0 sequences failed composition chi2 test (p-value<5%; df=3)

Create initial parsimony tree by phylogenetic likelihood library (PLL)... 0.001 seconds

NOTE: 0 MB RAM (0 GB) is required!
Estimate model parameters (epsilon = 0.100)
1. Initial log-likelihood: -3591.205
2. Current log-likelihood: -3514.053
3. Current log-likelihood: -3433.570
4. Current log-likelihood: -3381.761
5. Current log-likelihood: -3374.949
6. Current log-likelihood: -3374.734
Optimal log-likelihood: -3374.721
Rate parameters:  A-C: 1.00000  A-G: 5.25918  A-T: 1.00000  C-G: 1.00000  C-T: 5.25918  G-T: 1.00000
Base frequencies:  A: 0.256  C: 0.239  G: 0.240  T: 0.265
Gamma shape alpha: 1.049
Parameters optimization took 6 rounds (0.032 sec)
Computing ML distances based on estimated model parameters... 0.019 sec
Computing BIONJ tree...
0.004 seconds
Log-likelihood of BIONJ tree: -3369.577
--------------------------------------------------------------------
|             INITIALIZING CANDIDATE TREE SET                      |
--------------------------------------------------------------------
Generating 98 parsimony trees... 0.127 second
Computing log-likelihood of 98 initial trees ... 0.123 seconds
Current best score: -3369.499

Do NNI search on 20 best initial trees
Estimate model parameters (epsilon = 0.100)
BETTER TREE FOUND at iteration 1: -3365.825
Iteration 10 / LogL: -3365.825 / Time: 0h:0m:0s
UPDATE BEST LOG-LIKELIHOOD: -3365.825
UPDATE BEST LOG-LIKELIHOOD: -3365.824
Iteration 20 / LogL: -3365.825 / Time: 0h:0m:0s
Finish initializing candidate tree set (2)
Current best tree score: -3365.824 / CPU time: 0.561
Number of iterations: 20
--------------------------------------------------------------------
|               OPTIMIZING CANDIDATE TREE SET                      |
--------------------------------------------------------------------
Iteration 30 / LogL: -3367.646 / Time: 0h:0m:0s (0h:0m:2s left)
Iteration 40 / LogL: -3367.647 / Time: 0h:0m:1s (0h:0m:1s left)
UPDATE BEST LOG-LIKELIHOOD: -3365.824
Iteration 50 / LogL: -3365.825 / Time: 0h:0m:1s (0h:0m:1s left)
Iteration 60 / LogL: -3365.829 / Time: 0h:0m:1s (0h:0m:1s left)
Iteration 70 / LogL: -3367.684 / Time: 0h:0m:1s (0h:0m:0s left)
Iteration 80 / LogL: -3365.825 / Time: 0h:0m:2s (0h:0m:0s left)
Iteration 90 / LogL: -3365.906 / Time: 0h:0m:2s (0h:0m:0s left)
UPDATE BEST LOG-LIKELIHOOD: -3365.824
Iteration 100 / LogL: -3365.825 / Time: 0h:0m:2s (0h:0m:0s left)
TREE SEARCH COMPLETED AFTER 102 ITERATIONS / Time: 0h:0m:2s

--------------------------------------------------------------------
|                    FINALIZING TREE SEARCH                        |
--------------------------------------------------------------------
Performs final model parameters optimization
Estimate model parameters (epsilon = 0.010)
1. Initial log-likelihood: -3365.824
Optimal log-likelihood: -3365.824
Rate parameters:  A-C: 1.00000  A-G: 5.29729  A-T: 1.00000  C-G: 1.00000  C-T: 5.29729  G-T: 1.00000
Base frequencies:  A: 0.256  C: 0.239  G: 0.240  T: 0.265
Gamma shape alpha: 1.082
Parameters optimization took 1 rounds (0.003 sec)
BEST SCORE FOUND : -3365.824

Testing tree branches by SH-like aLRT with 1000 replicates...
0.077 sec.
Total tree length: 5.493

Total number of iterations: 102
CPU time used for tree search: 2.669 sec (0h:0m:2s)
Wall-clock time used for tree search: 2.673 sec (0h:0m:2s)
Total CPU time used: 2.812 sec (0h:0m:2s)
Total wall-clock time used: 2.821 sec (0h:0m:2s)

Analysis results written to: 
  IQ-TREE report:                example.null.1.nex.iqtree
  Maximum-likelihood tree:       example.null.1.nex.treefile
  Likelihood distances:          example.null.1.nex.mldist
  Screen log file:               example.null.1.nex.log

Date and Time: Thu Apr  4 17:09:41 2019
